<?xml version="1.0" encoding="UTF-8"?>
<!-- Generated by org.testng.reporters.JUnitXMLReporter -->
<testsuite ignored="0" hostname="L-DEE-CTLVPL3" failures="0" tests="2" name="Default test" time="0.033" errors="0" timestamp="2022-12-21T15:51:42 MEZ">
  <testcase classname="com.templates.cucumberTemplate.CalculatorTestCase" name="addTwoNegativeNumbers" time="0.009"/>
  <testcase classname="com.templates.cucumberTemplate.CalculatorTestCase" name="addTwoPositiveNumbers" time="0.001"/>
</testsuite> <!-- Default test -->
