<?xml version="1.0" encoding="UTF-8"?>
<testng-results ignored="0" total="2" passed="2" failed="0" skipped="0">
  <reporter-output>
  </reporter-output>
  <suite started-at="2023-01-26T12:35:11 MEZ" name="Suite" finished-at="2023-01-26T12:35:11 MEZ" duration-ms="36">
    <groups>
    </groups>
    <test started-at="2023-01-26T12:35:11 MEZ" name="Test" finished-at="2023-01-26T12:35:11 MEZ" duration-ms="36">
      <class name="com.templates.cucumberTemplate.CalculatorTestCase">
        <test-method signature="addTwoNegativeNumbers()[pri:0, instance:com.templates.cucumberTemplate.CalculatorTestCase@1bb5a082]" started-at="2023-01-26T12:35:11 MEZ" name="addTwoNegativeNumbers" finished-at="2023-01-26T12:35:11 MEZ" duration-ms="9" status="PASS">
          <reporter-output>
          </reporter-output>
        </test-method> <!-- addTwoNegativeNumbers -->
        <test-method signature="addTwoPositiveNumbers()[pri:0, instance:com.templates.cucumberTemplate.CalculatorTestCase@1bb5a082]" started-at="2023-01-26T12:35:11 MEZ" name="addTwoPositiveNumbers" finished-at="2023-01-26T12:35:11 MEZ" duration-ms="1" status="PASS">
          <reporter-output>
          </reporter-output>
        </test-method> <!-- addTwoPositiveNumbers -->
      </class> <!-- com.templates.cucumberTemplate.CalculatorTestCase -->
    </test> <!-- Test -->
  </suite> <!-- Suite -->
</testng-results>
