<?xml version="1.0" encoding="UTF-8"?>
<testng-results ignored="0" total="2" passed="2" failed="0" skipped="0">
  <reporter-output>
  </reporter-output>
  <suite started-at="2022-12-21T15:51:42 MEZ" name="Default suite" finished-at="2022-12-21T15:51:42 MEZ" duration-ms="33">
    <groups>
    </groups>
    <test started-at="2022-12-21T15:51:42 MEZ" name="Default test" finished-at="2022-12-21T15:51:42 MEZ" duration-ms="33">
      <class name="com.templates.cucumberTemplate.CalculatorTestCase">
        <test-method signature="addTwoNegativeNumbers()[pri:0, instance:com.templates.cucumberTemplate.CalculatorTestCase@6cf0e0ba]" started-at="2022-12-21T15:51:42 MEZ" name="addTwoNegativeNumbers" finished-at="2022-12-21T15:51:42 MEZ" duration-ms="9" status="PASS">
          <reporter-output>
          </reporter-output>
        </test-method> <!-- addTwoNegativeNumbers -->
        <test-method signature="addTwoPositiveNumbers()[pri:0, instance:com.templates.cucumberTemplate.CalculatorTestCase@6cf0e0ba]" started-at="2022-12-21T15:51:42 MEZ" name="addTwoPositiveNumbers" finished-at="2022-12-21T15:51:42 MEZ" duration-ms="1" status="PASS">
          <reporter-output>
          </reporter-output>
        </test-method> <!-- addTwoPositiveNumbers -->
      </class> <!-- com.templates.cucumberTemplate.CalculatorTestCase -->
    </test> <!-- Default test -->
  </suite> <!-- Default suite -->
</testng-results>
