<?xml version="1.0" encoding="UTF-8"?>
<!-- Generated by org.testng.reporters.JUnitReportReporter -->
<testsuite hostname="L-DEE-CTLVPL3" failures="0" tests="2" name="com.templates.cucumberTemplate.CalculatorTestCase" time="0.010" errors="0" timestamp="2023-01-26T12:35:11 MEZ" skipped="0">
  <testcase classname="com.templates.cucumberTemplate.CalculatorTestCase" name="addTwoNegativeNumbers" time="0.009"/>
  <system-out/>
  <testcase classname="com.templates.cucumberTemplate.CalculatorTestCase" name="addTwoPositiveNumbers" time="0.001"/>
  <system-out/>
</testsuite> <!-- com.templates.cucumberTemplate.CalculatorTestCase -->
